\BOOKMARK [1][-]{section.1}{Reference Material}{}% 1
\BOOKMARK [2][-]{subsection.1.1}{Table of Units}{section.1}% 2
\BOOKMARK [2][-]{subsection.1.2}{Table of Symbols}{section.1}% 3
\BOOKMARK [2][-]{subsection.1.3}{Abbreviations and Acronyms}{section.1}% 4
\BOOKMARK [1][-]{section.2}{Introduction}{}% 5
\BOOKMARK [2][-]{subsection.2.1}{Purpose of Project}{section.2}% 6
\BOOKMARK [2][-]{subsection.2.2}{Purpose of Document}{section.2}% 7
\BOOKMARK [2][-]{subsection.2.3}{Scope of Requirements}{section.2}% 8
\BOOKMARK [2][-]{subsection.2.4}{Organization of Document}{section.2}% 9
\BOOKMARK [1][-]{section.3}{Scope}{}% 10
\BOOKMARK [2][-]{subsection.3.1}{The Scope of the Work}{section.3}% 11
\BOOKMARK [2][-]{subsection.3.2}{Context Diagram showing Boundaries}{section.3}% 12
\BOOKMARK [1][-]{section.4}{Variables and Constants}{}% 13
\BOOKMARK [2][-]{subsection.4.1}{Monitored and Controlled Variables \(with units\)}{section.4}% 14
\BOOKMARK [3][-]{subsubsection.4.1.1}{Monitored Variable}{subsection.4.1}% 15
\BOOKMARK [3][-]{subsubsection.4.1.2}{Controlled Variable}{subsection.4.1}% 16
\BOOKMARK [2][-]{subsection.4.2}{Constants}{section.4}% 17
\BOOKMARK [1][-]{section.5}{Behaviour}{}% 18
\BOOKMARK [2][-]{subsection.5.1}{Behaviour Overview with Notation}{section.5}% 19
\BOOKMARK [2][-]{subsection.5.2}{Brief Behaviour Description}{section.5}% 20
\BOOKMARK [2][-]{subsection.5.3}{Required Behaviour Description and Rationales}{section.5}% 21
\BOOKMARK [2][-]{subsection.5.4}{Diagrams Showing Functional Decomposition}{section.5}% 22
\BOOKMARK [1][-]{section.6}{Requirements}{}% 23
\BOOKMARK [2][-]{subsection.6.1}{Performance Requirements}{section.6}% 24
\BOOKMARK [3][-]{subsubsection.6.1.1}{Functional Requirements}{subsection.6.1}% 25
\BOOKMARK [3][-]{subsubsection.6.1.2}{Nonfunctional Requirements}{subsection.6.1}% 26
\BOOKMARK [2][-]{subsection.6.2}{Normal Operation}{section.6}% 27
\BOOKMARK [2][-]{subsection.6.3}{Undesired Event Handling}{section.6}% 28
\BOOKMARK [2][-]{subsection.6.4}{Likelihood of Change in Requirements}{section.6}% 29
\BOOKMARK [3][-]{subsubsection.6.4.1}{List of Requirements likely to Change}{subsection.6.4}% 30
\BOOKMARK [3][-]{subsubsection.6.4.2}{List of Requirements unlikely to Change}{subsection.6.4}% 31
\BOOKMARK [1][-]{section.7}{Reference}{}% 32
